One matching license found for this product: synplifypro_gowin

Starting:    C:\Gowin\Gowin_V1.9.2.02Beta\SynplifyPro\bin64\mbin\synbatch.exe
Install:     C:\Gowin\Gowin_V1.9.2.02Beta\SynplifyPro
Hostname:    ZAL1
Date:        Sun Jan 26 20:31:50 2020
Version:     P-2019.03G

Arguments:   -product synplify_pro -batch D:/Documents/GitHub/Tang-Nano_MIDI_Sounder/impl/synthesize/Tang-Nano_MIDI_Sounder.prj
ProductType: synplify_pro

License checkout: synplifypro_gowin
License: synplifypro_gowin from server 45.33.107.56 
Licensed Vendor: gowin

Running in Vendor Mode

log file: "D:\Documents\GitHub\Tang-Nano_MIDI_Sounder\impl\synthesize\rev_1\Tang-Nano_MIDI_Sounder.srr"
Running: rev_1 in foreground

Running Tang-Nano_MIDI_Sounder|rev_1

Running Flow: compile (Compile) on Tang-Nano_MIDI_Sounder|rev_1
# Sun Jan 26 20:31:51 2020

Running Flow: compile_flow (Compile Process) on Tang-Nano_MIDI_Sounder|rev_1
# Sun Jan 26 20:31:51 2020

Running: compiler (Compile Input) on Tang-Nano_MIDI_Sounder|rev_1
# Sun Jan 26 20:31:51 2020
Copied D:\Documents\GitHub\Tang-Nano_MIDI_Sounder\impl\synthesize\rev_1\synwork\Tang-Nano_MIDI_Sounder_comp.srs to D:\Documents\GitHub\Tang-Nano_MIDI_Sounder\impl\synthesize\rev_1\Tang-Nano_MIDI_Sounder.srs

compiler completed
# Sun Jan 26 20:31:56 2020

Return Code: 0
Run Time:00h:00m:05s

Running: multi_srs_gen (Multi-srs Generator) on Tang-Nano_MIDI_Sounder|rev_1
# Sun Jan 26 20:31:56 2020

multi_srs_gen completed
# Sun Jan 26 20:31:56 2020

Return Code: 0
Run Time:00h:00m:00s
Copied D:\Documents\GitHub\Tang-Nano_MIDI_Sounder\impl\synthesize\rev_1\synwork\Tang-Nano_MIDI_Sounder_mult.srs to D:\Documents\GitHub\Tang-Nano_MIDI_Sounder\impl\synthesize\rev_1\Tang-Nano_MIDI_Sounder.srs
Complete: Compile Process on Tang-Nano_MIDI_Sounder|rev_1

Running: premap (Premap) on Tang-Nano_MIDI_Sounder|rev_1
# Sun Jan 26 20:31:56 2020

premap completed with warnings
# Sun Jan 26 20:31:59 2020

Return Code: 1
Run Time:00h:00m:03s
Complete: Compile on Tang-Nano_MIDI_Sounder|rev_1

Running Flow: map (Map) on Tang-Nano_MIDI_Sounder|rev_1
# Sun Jan 26 20:31:59 2020

Running: fpga_mapper (Map & Optimize) on Tang-Nano_MIDI_Sounder|rev_1
# Sun Jan 26 20:31:59 2020
Copied D:\Documents\GitHub\Tang-Nano_MIDI_Sounder\impl\synthesize\rev_1\synwork\Tang-Nano_MIDI_Sounder_m.srm to D:\Documents\GitHub\Tang-Nano_MIDI_Sounder\impl\synthesize\rev_1\Tang-Nano_MIDI_Sounder.srm

fpga_mapper completed with warnings
# Sun Jan 26 20:32:07 2020

Return Code: 1
Run Time:00h:00m:08s
Complete: Map on Tang-Nano_MIDI_Sounder|rev_1
Complete: Logic Synthesis on Tang-Nano_MIDI_Sounder|rev_1
exit status=0
exit status=0
License checkin: synplifypro_gowin
